<?xml version="1.0" encoding="UTF-8"?>
<testsuite xmlns:xsi="http://www.w3.org/2001/XMLSchema-instance" xsi:noNamespaceSchemaLocation="https://maven.apache.org/surefire/maven-surefire-plugin/xsd/surefire-test-report.xsd" name="com.app.notepad.dal.repository.NTKRUsersRepositoryTest" time="0.781" tests="2" errors="0" skipped="0" failures="1">
  <properties>
    <property name="gopherProxySet" value="false"/>
    <property name="awt.toolkit" value="sun.lwawt.macosx.LWCToolkit"/>
    <property name="file.encoding.pkg" value="sun.io"/>
    <property name="java.specification.version" value="1.8"/>
    <property name="sun.cpu.isalist" value=""/>
    <property name="sun.jnu.encoding" value="UTF-8"/>
    <property name="java.class.path" value="/Users/n0n006q/Downloads/notepad/target/test-classes:/Users/n0n006q/Downloads/notepad/target/classes:/Users/n0n006q/.m2/repository/org/springframework/boot/spring-boot-starter-data-jpa/2.5.9/spring-boot-starter-data-jpa-2.5.9.jar:/Users/n0n006q/.m2/repository/org/springframework/boot/spring-boot-starter-aop/2.5.9/spring-boot-starter-aop-2.5.9.jar:/Users/n0n006q/.m2/repository/org/springframework/spring-aop/5.3.15/spring-aop-5.3.15.jar:/Users/n0n006q/.m2/repository/org/aspectj/aspectjweaver/1.9.7/aspectjweaver-1.9.7.jar:/Users/n0n006q/.m2/repository/org/springframework/boot/spring-boot-starter-jdbc/2.5.9/spring-boot-starter-jdbc-2.5.9.jar:/Users/n0n006q/.m2/repository/com/zaxxer/HikariCP/4.0.3/HikariCP-4.0.3.jar:/Users/n0n006q/.m2/repository/org/springframework/spring-jdbc/5.3.15/spring-jdbc-5.3.15.jar:/Users/n0n006q/.m2/repository/jakarta/transaction/jakarta.transaction-api/1.3.3/jakarta.transaction-api-1.3.3.jar:/Users/n0n006q/.m2/repository/jakarta/persistence/jakarta.persistence-api/2.2.3/jakarta.persistence-api-2.2.3.jar:/Users/n0n006q/.m2/repository/org/hibernate/hibernate-core/5.4.33/hibernate-core-5.4.33.jar:/Users/n0n006q/.m2/repository/org/jboss/logging/jboss-logging/3.4.3.Final/jboss-logging-3.4.3.Final.jar:/Users/n0n006q/.m2/repository/org/javassist/javassist/3.27.0-GA/javassist-3.27.0-GA.jar:/Users/n0n006q/.m2/repository/net/bytebuddy/byte-buddy/1.10.22/byte-buddy-1.10.22.jar:/Users/n0n006q/.m2/repository/antlr/antlr/2.7.7/antlr-2.7.7.jar:/Users/n0n006q/.m2/repository/org/jboss/jandex/2.2.3.Final/jandex-2.2.3.Final.jar:/Users/n0n006q/.m2/repository/com/fasterxml/classmate/1.5.1/classmate-1.5.1.jar:/Users/n0n006q/.m2/repository/org/dom4j/dom4j/2.1.3/dom4j-2.1.3.jar:/Users/n0n006q/.m2/repository/org/hibernate/common/hibernate-commons-annotations/5.1.2.Final/hibernate-commons-annotations-5.1.2.Final.jar:/Users/n0n006q/.m2/repository/org/glassfish/jaxb/jaxb-runtime/2.3.5/jaxb-runtime-2.3.5.jar:/Users/n0n006q/.m2/repository/org/glassfish/jaxb/txw2/2.3.5/txw2-2.3.5.jar:/Users/n0n006q/.m2/repository/com/sun/istack/istack-commons-runtime/3.0.12/istack-commons-runtime-3.0.12.jar:/Users/n0n006q/.m2/repository/com/sun/activation/jakarta.activation/1.2.2/jakarta.activation-1.2.2.jar:/Users/n0n006q/.m2/repository/org/springframework/data/spring-data-jpa/2.5.8/spring-data-jpa-2.5.8.jar:/Users/n0n006q/.m2/repository/org/springframework/data/spring-data-commons/2.5.8/spring-data-commons-2.5.8.jar:/Users/n0n006q/.m2/repository/org/springframework/spring-orm/5.3.15/spring-orm-5.3.15.jar:/Users/n0n006q/.m2/repository/org/springframework/spring-context/5.3.15/spring-context-5.3.15.jar:/Users/n0n006q/.m2/repository/org/springframework/spring-tx/5.3.15/spring-tx-5.3.15.jar:/Users/n0n006q/.m2/repository/org/springframework/spring-beans/5.3.15/spring-beans-5.3.15.jar:/Users/n0n006q/.m2/repository/org/slf4j/slf4j-api/1.7.33/slf4j-api-1.7.33.jar:/Users/n0n006q/.m2/repository/org/springframework/spring-aspects/5.3.15/spring-aspects-5.3.15.jar:/Users/n0n006q/.m2/repository/org/springframework/boot/spring-boot-starter-web/2.5.9/spring-boot-starter-web-2.5.9.jar:/Users/n0n006q/.m2/repository/org/springframework/boot/spring-boot-starter/2.5.9/spring-boot-starter-2.5.9.jar:/Users/n0n006q/.m2/repository/org/springframework/boot/spring-boot/2.5.9/spring-boot-2.5.9.jar:/Users/n0n006q/.m2/repository/org/springframework/boot/spring-boot-autoconfigure/2.5.9/spring-boot-autoconfigure-2.5.9.jar:/Users/n0n006q/.m2/repository/org/springframework/boot/spring-boot-starter-logging/2.5.9/spring-boot-starter-logging-2.5.9.jar:/Users/n0n006q/.m2/repository/ch/qos/logback/logback-classic/1.2.10/logback-classic-1.2.10.jar:/Users/n0n006q/.m2/repository/ch/qos/logback/logback-core/1.2.10/logback-core-1.2.10.jar:/Users/n0n006q/.m2/repository/org/apache/logging/log4j/log4j-to-slf4j/2.17.1/log4j-to-slf4j-2.17.1.jar:/Users/n0n006q/.m2/repository/org/apache/logging/log4j/log4j-api/2.17.1/log4j-api-2.17.1.jar:/Users/n0n006q/.m2/repository/org/slf4j/jul-to-slf4j/1.7.33/jul-to-slf4j-1.7.33.jar:/Users/n0n006q/.m2/repository/jakarta/annotation/jakarta.annotation-api/1.3.5/jakarta.annotation-api-1.3.5.jar:/Users/n0n006q/.m2/repository/org/yaml/snakeyaml/1.28/snakeyaml-1.28.jar:/Users/n0n006q/.m2/repository/org/springframework/boot/spring-boot-starter-json/2.5.9/spring-boot-starter-json-2.5.9.jar:/Users/n0n006q/.m2/repository/com/fasterxml/jackson/core/jackson-databind/2.12.6/jackson-databind-2.12.6.jar:/Users/n0n006q/.m2/repository/com/fasterxml/jackson/core/jackson-annotations/2.12.6/jackson-annotations-2.12.6.jar:/Users/n0n006q/.m2/repository/com/fasterxml/jackson/core/jackson-core/2.12.6/jackson-core-2.12.6.jar:/Users/n0n006q/.m2/repository/com/fasterxml/jackson/datatype/jackson-datatype-jdk8/2.12.6/jackson-datatype-jdk8-2.12.6.jar:/Users/n0n006q/.m2/repository/com/fasterxml/jackson/datatype/jackson-datatype-jsr310/2.12.6/jackson-datatype-jsr310-2.12.6.jar:/Users/n0n006q/.m2/repository/com/fasterxml/jackson/module/jackson-module-parameter-names/2.12.6/jackson-module-parameter-names-2.12.6.jar:/Users/n0n006q/.m2/repository/org/springframework/boot/spring-boot-starter-tomcat/2.5.9/spring-boot-starter-tomcat-2.5.9.jar:/Users/n0n006q/.m2/repository/org/apache/tomcat/embed/tomcat-embed-core/9.0.56/tomcat-embed-core-9.0.56.jar:/Users/n0n006q/.m2/repository/org/apache/tomcat/embed/tomcat-embed-el/9.0.56/tomcat-embed-el-9.0.56.jar:/Users/n0n006q/.m2/repository/org/apache/tomcat/embed/tomcat-embed-websocket/9.0.56/tomcat-embed-websocket-9.0.56.jar:/Users/n0n006q/.m2/repository/org/springframework/spring-web/5.3.15/spring-web-5.3.15.jar:/Users/n0n006q/.m2/repository/org/springframework/spring-webmvc/5.3.15/spring-webmvc-5.3.15.jar:/Users/n0n006q/.m2/repository/org/springframework/spring-expression/5.3.15/spring-expression-5.3.15.jar:/Users/n0n006q/.m2/repository/mysql/mysql-connector-java/8.0.28/mysql-connector-java-8.0.28.jar:/Users/n0n006q/.m2/repository/org/projectlombok/lombok/1.18.24/lombok-1.18.24.jar:/Users/n0n006q/.m2/repository/org/springframework/boot/spring-boot-starter-test/2.5.9/spring-boot-starter-test-2.5.9.jar:/Users/n0n006q/.m2/repository/org/springframework/boot/spring-boot-test/2.5.9/spring-boot-test-2.5.9.jar:/Users/n0n006q/.m2/repository/org/springframework/boot/spring-boot-test-autoconfigure/2.5.9/spring-boot-test-autoconfigure-2.5.9.jar:/Users/n0n006q/.m2/repository/com/jayway/jsonpath/json-path/2.5.0/json-path-2.5.0.jar:/Users/n0n006q/.m2/repository/net/minidev/json-smart/2.4.7/json-smart-2.4.7.jar:/Users/n0n006q/.m2/repository/net/minidev/accessors-smart/2.4.7/accessors-smart-2.4.7.jar:/Users/n0n006q/.m2/repository/org/ow2/asm/asm/9.1/asm-9.1.jar:/Users/n0n006q/.m2/repository/jakarta/xml/bind/jakarta.xml.bind-api/2.3.3/jakarta.xml.bind-api-2.3.3.jar:/Users/n0n006q/.m2/repository/jakarta/activation/jakarta.activation-api/1.2.2/jakarta.activation-api-1.2.2.jar:/Users/n0n006q/.m2/repository/org/assertj/assertj-core/3.19.0/assertj-core-3.19.0.jar:/Users/n0n006q/.m2/repository/org/hamcrest/hamcrest/2.2/hamcrest-2.2.jar:/Users/n0n006q/.m2/repository/org/junit/jupiter/junit-jupiter/5.7.2/junit-jupiter-5.7.2.jar:/Users/n0n006q/.m2/repository/org/junit/jupiter/junit-jupiter-api/5.7.2/junit-jupiter-api-5.7.2.jar:/Users/n0n006q/.m2/repository/org/apiguardian/apiguardian-api/1.1.0/apiguardian-api-1.1.0.jar:/Users/n0n006q/.m2/repository/org/opentest4j/opentest4j/1.2.0/opentest4j-1.2.0.jar:/Users/n0n006q/.m2/repository/org/junit/platform/junit-platform-commons/1.7.2/junit-platform-commons-1.7.2.jar:/Users/n0n006q/.m2/repository/org/junit/jupiter/junit-jupiter-params/5.7.2/junit-jupiter-params-5.7.2.jar:/Users/n0n006q/.m2/repository/org/junit/jupiter/junit-jupiter-engine/5.7.2/junit-jupiter-engine-5.7.2.jar:/Users/n0n006q/.m2/repository/org/junit/platform/junit-platform-engine/1.7.2/junit-platform-engine-1.7.2.jar:/Users/n0n006q/.m2/repository/org/mockito/mockito-core/3.9.0/mockito-core-3.9.0.jar:/Users/n0n006q/.m2/repository/net/bytebuddy/byte-buddy-agent/1.10.22/byte-buddy-agent-1.10.22.jar:/Users/n0n006q/.m2/repository/org/objenesis/objenesis/3.2/objenesis-3.2.jar:/Users/n0n006q/.m2/repository/org/mockito/mockito-junit-jupiter/3.9.0/mockito-junit-jupiter-3.9.0.jar:/Users/n0n006q/.m2/repository/org/skyscreamer/jsonassert/1.5.0/jsonassert-1.5.0.jar:/Users/n0n006q/.m2/repository/com/vaadin/external/google/android-json/0.0.20131108.vaadin1/android-json-0.0.20131108.vaadin1.jar:/Users/n0n006q/.m2/repository/org/springframework/spring-core/5.3.15/spring-core-5.3.15.jar:/Users/n0n006q/.m2/repository/org/springframework/spring-jcl/5.3.15/spring-jcl-5.3.15.jar:/Users/n0n006q/.m2/repository/org/springframework/spring-test/5.3.15/spring-test-5.3.15.jar:/Users/n0n006q/.m2/repository/org/xmlunit/xmlunit-core/2.8.4/xmlunit-core-2.8.4.jar:/Users/n0n006q/.m2/repository/org/springframework/security/spring-security-test/5.5.4/spring-security-test-5.5.4.jar:/Users/n0n006q/.m2/repository/org/springframework/security/spring-security-core/5.5.4/spring-security-core-5.5.4.jar:/Users/n0n006q/.m2/repository/org/springframework/security/spring-security-crypto/5.5.4/spring-security-crypto-5.5.4.jar:/Users/n0n006q/.m2/repository/org/springframework/security/spring-security-web/5.5.4/spring-security-web-5.5.4.jar:/Users/n0n006q/.m2/repository/junit/junit/4.13.2/junit-4.13.2.jar:/Users/n0n006q/.m2/repository/org/hamcrest/hamcrest-core/2.2/hamcrest-core-2.2.jar:"/>
    <property name="java.vm.vendor" value="Azul Systems, Inc."/>
    <property name="sun.arch.data.model" value="64"/>
    <property name="java.vendor.url" value="http://www.azulsystems.com/"/>
    <property name="user.timezone" value=""/>
    <property name="java.vm.specification.version" value="1.8"/>
    <property name="os.name" value="Mac OS X"/>
    <property name="user.country" value="US"/>
    <property name="sun.java.launcher" value="SUN_STANDARD"/>
    <property name="sun.boot.library.path" value="/Users/n0n006q/.sdkman/candidates/java/8.0.292.fx-zulu/zulu-8.jdk/Contents/Home/jre/lib"/>
    <property name="sun.java.command" value="/Users/n0n006q/Downloads/notepad/target/surefire/surefirebooter6353167958039325584.jar /Users/n0n006q/Downloads/notepad/target/surefire 2022-06-17T00-53-08_309-jvmRun1 surefire3970159273229285072tmp surefire_06982839066683096203tmp"/>
    <property name="surefire.test.class.path" value="/Users/n0n006q/Downloads/notepad/target/test-classes:/Users/n0n006q/Downloads/notepad/target/classes:/Users/n0n006q/.m2/repository/org/springframework/boot/spring-boot-starter-data-jpa/2.5.9/spring-boot-starter-data-jpa-2.5.9.jar:/Users/n0n006q/.m2/repository/org/springframework/boot/spring-boot-starter-aop/2.5.9/spring-boot-starter-aop-2.5.9.jar:/Users/n0n006q/.m2/repository/org/springframework/spring-aop/5.3.15/spring-aop-5.3.15.jar:/Users/n0n006q/.m2/repository/org/aspectj/aspectjweaver/1.9.7/aspectjweaver-1.9.7.jar:/Users/n0n006q/.m2/repository/org/springframework/boot/spring-boot-starter-jdbc/2.5.9/spring-boot-starter-jdbc-2.5.9.jar:/Users/n0n006q/.m2/repository/com/zaxxer/HikariCP/4.0.3/HikariCP-4.0.3.jar:/Users/n0n006q/.m2/repository/org/springframework/spring-jdbc/5.3.15/spring-jdbc-5.3.15.jar:/Users/n0n006q/.m2/repository/jakarta/transaction/jakarta.transaction-api/1.3.3/jakarta.transaction-api-1.3.3.jar:/Users/n0n006q/.m2/repository/jakarta/persistence/jakarta.persistence-api/2.2.3/jakarta.persistence-api-2.2.3.jar:/Users/n0n006q/.m2/repository/org/hibernate/hibernate-core/5.4.33/hibernate-core-5.4.33.jar:/Users/n0n006q/.m2/repository/org/jboss/logging/jboss-logging/3.4.3.Final/jboss-logging-3.4.3.Final.jar:/Users/n0n006q/.m2/repository/org/javassist/javassist/3.27.0-GA/javassist-3.27.0-GA.jar:/Users/n0n006q/.m2/repository/net/bytebuddy/byte-buddy/1.10.22/byte-buddy-1.10.22.jar:/Users/n0n006q/.m2/repository/antlr/antlr/2.7.7/antlr-2.7.7.jar:/Users/n0n006q/.m2/repository/org/jboss/jandex/2.2.3.Final/jandex-2.2.3.Final.jar:/Users/n0n006q/.m2/repository/com/fasterxml/classmate/1.5.1/classmate-1.5.1.jar:/Users/n0n006q/.m2/repository/org/dom4j/dom4j/2.1.3/dom4j-2.1.3.jar:/Users/n0n006q/.m2/repository/org/hibernate/common/hibernate-commons-annotations/5.1.2.Final/hibernate-commons-annotations-5.1.2.Final.jar:/Users/n0n006q/.m2/repository/org/glassfish/jaxb/jaxb-runtime/2.3.5/jaxb-runtime-2.3.5.jar:/Users/n0n006q/.m2/repository/org/glassfish/jaxb/txw2/2.3.5/txw2-2.3.5.jar:/Users/n0n006q/.m2/repository/com/sun/istack/istack-commons-runtime/3.0.12/istack-commons-runtime-3.0.12.jar:/Users/n0n006q/.m2/repository/com/sun/activation/jakarta.activation/1.2.2/jakarta.activation-1.2.2.jar:/Users/n0n006q/.m2/repository/org/springframework/data/spring-data-jpa/2.5.8/spring-data-jpa-2.5.8.jar:/Users/n0n006q/.m2/repository/org/springframework/data/spring-data-commons/2.5.8/spring-data-commons-2.5.8.jar:/Users/n0n006q/.m2/repository/org/springframework/spring-orm/5.3.15/spring-orm-5.3.15.jar:/Users/n0n006q/.m2/repository/org/springframework/spring-context/5.3.15/spring-context-5.3.15.jar:/Users/n0n006q/.m2/repository/org/springframework/spring-tx/5.3.15/spring-tx-5.3.15.jar:/Users/n0n006q/.m2/repository/org/springframework/spring-beans/5.3.15/spring-beans-5.3.15.jar:/Users/n0n006q/.m2/repository/org/slf4j/slf4j-api/1.7.33/slf4j-api-1.7.33.jar:/Users/n0n006q/.m2/repository/org/springframework/spring-aspects/5.3.15/spring-aspects-5.3.15.jar:/Users/n0n006q/.m2/repository/org/springframework/boot/spring-boot-starter-web/2.5.9/spring-boot-starter-web-2.5.9.jar:/Users/n0n006q/.m2/repository/org/springframework/boot/spring-boot-starter/2.5.9/spring-boot-starter-2.5.9.jar:/Users/n0n006q/.m2/repository/org/springframework/boot/spring-boot/2.5.9/spring-boot-2.5.9.jar:/Users/n0n006q/.m2/repository/org/springframework/boot/spring-boot-autoconfigure/2.5.9/spring-boot-autoconfigure-2.5.9.jar:/Users/n0n006q/.m2/repository/org/springframework/boot/spring-boot-starter-logging/2.5.9/spring-boot-starter-logging-2.5.9.jar:/Users/n0n006q/.m2/repository/ch/qos/logback/logback-classic/1.2.10/logback-classic-1.2.10.jar:/Users/n0n006q/.m2/repository/ch/qos/logback/logback-core/1.2.10/logback-core-1.2.10.jar:/Users/n0n006q/.m2/repository/org/apache/logging/log4j/log4j-to-slf4j/2.17.1/log4j-to-slf4j-2.17.1.jar:/Users/n0n006q/.m2/repository/org/apache/logging/log4j/log4j-api/2.17.1/log4j-api-2.17.1.jar:/Users/n0n006q/.m2/repository/org/slf4j/jul-to-slf4j/1.7.33/jul-to-slf4j-1.7.33.jar:/Users/n0n006q/.m2/repository/jakarta/annotation/jakarta.annotation-api/1.3.5/jakarta.annotation-api-1.3.5.jar:/Users/n0n006q/.m2/repository/org/yaml/snakeyaml/1.28/snakeyaml-1.28.jar:/Users/n0n006q/.m2/repository/org/springframework/boot/spring-boot-starter-json/2.5.9/spring-boot-starter-json-2.5.9.jar:/Users/n0n006q/.m2/repository/com/fasterxml/jackson/core/jackson-databind/2.12.6/jackson-databind-2.12.6.jar:/Users/n0n006q/.m2/repository/com/fasterxml/jackson/core/jackson-annotations/2.12.6/jackson-annotations-2.12.6.jar:/Users/n0n006q/.m2/repository/com/fasterxml/jackson/core/jackson-core/2.12.6/jackson-core-2.12.6.jar:/Users/n0n006q/.m2/repository/com/fasterxml/jackson/datatype/jackson-datatype-jdk8/2.12.6/jackson-datatype-jdk8-2.12.6.jar:/Users/n0n006q/.m2/repository/com/fasterxml/jackson/datatype/jackson-datatype-jsr310/2.12.6/jackson-datatype-jsr310-2.12.6.jar:/Users/n0n006q/.m2/repository/com/fasterxml/jackson/module/jackson-module-parameter-names/2.12.6/jackson-module-parameter-names-2.12.6.jar:/Users/n0n006q/.m2/repository/org/springframework/boot/spring-boot-starter-tomcat/2.5.9/spring-boot-starter-tomcat-2.5.9.jar:/Users/n0n006q/.m2/repository/org/apache/tomcat/embed/tomcat-embed-core/9.0.56/tomcat-embed-core-9.0.56.jar:/Users/n0n006q/.m2/repository/org/apache/tomcat/embed/tomcat-embed-el/9.0.56/tomcat-embed-el-9.0.56.jar:/Users/n0n006q/.m2/repository/org/apache/tomcat/embed/tomcat-embed-websocket/9.0.56/tomcat-embed-websocket-9.0.56.jar:/Users/n0n006q/.m2/repository/org/springframework/spring-web/5.3.15/spring-web-5.3.15.jar:/Users/n0n006q/.m2/repository/org/springframework/spring-webmvc/5.3.15/spring-webmvc-5.3.15.jar:/Users/n0n006q/.m2/repository/org/springframework/spring-expression/5.3.15/spring-expression-5.3.15.jar:/Users/n0n006q/.m2/repository/mysql/mysql-connector-java/8.0.28/mysql-connector-java-8.0.28.jar:/Users/n0n006q/.m2/repository/org/projectlombok/lombok/1.18.24/lombok-1.18.24.jar:/Users/n0n006q/.m2/repository/org/springframework/boot/spring-boot-starter-test/2.5.9/spring-boot-starter-test-2.5.9.jar:/Users/n0n006q/.m2/repository/org/springframework/boot/spring-boot-test/2.5.9/spring-boot-test-2.5.9.jar:/Users/n0n006q/.m2/repository/org/springframework/boot/spring-boot-test-autoconfigure/2.5.9/spring-boot-test-autoconfigure-2.5.9.jar:/Users/n0n006q/.m2/repository/com/jayway/jsonpath/json-path/2.5.0/json-path-2.5.0.jar:/Users/n0n006q/.m2/repository/net/minidev/json-smart/2.4.7/json-smart-2.4.7.jar:/Users/n0n006q/.m2/repository/net/minidev/accessors-smart/2.4.7/accessors-smart-2.4.7.jar:/Users/n0n006q/.m2/repository/org/ow2/asm/asm/9.1/asm-9.1.jar:/Users/n0n006q/.m2/repository/jakarta/xml/bind/jakarta.xml.bind-api/2.3.3/jakarta.xml.bind-api-2.3.3.jar:/Users/n0n006q/.m2/repository/jakarta/activation/jakarta.activation-api/1.2.2/jakarta.activation-api-1.2.2.jar:/Users/n0n006q/.m2/repository/org/assertj/assertj-core/3.19.0/assertj-core-3.19.0.jar:/Users/n0n006q/.m2/repository/org/hamcrest/hamcrest/2.2/hamcrest-2.2.jar:/Users/n0n006q/.m2/repository/org/junit/jupiter/junit-jupiter/5.7.2/junit-jupiter-5.7.2.jar:/Users/n0n006q/.m2/repository/org/junit/jupiter/junit-jupiter-api/5.7.2/junit-jupiter-api-5.7.2.jar:/Users/n0n006q/.m2/repository/org/apiguardian/apiguardian-api/1.1.0/apiguardian-api-1.1.0.jar:/Users/n0n006q/.m2/repository/org/opentest4j/opentest4j/1.2.0/opentest4j-1.2.0.jar:/Users/n0n006q/.m2/repository/org/junit/platform/junit-platform-commons/1.7.2/junit-platform-commons-1.7.2.jar:/Users/n0n006q/.m2/repository/org/junit/jupiter/junit-jupiter-params/5.7.2/junit-jupiter-params-5.7.2.jar:/Users/n0n006q/.m2/repository/org/junit/jupiter/junit-jupiter-engine/5.7.2/junit-jupiter-engine-5.7.2.jar:/Users/n0n006q/.m2/repository/org/junit/platform/junit-platform-engine/1.7.2/junit-platform-engine-1.7.2.jar:/Users/n0n006q/.m2/repository/org/mockito/mockito-core/3.9.0/mockito-core-3.9.0.jar:/Users/n0n006q/.m2/repository/net/bytebuddy/byte-buddy-agent/1.10.22/byte-buddy-agent-1.10.22.jar:/Users/n0n006q/.m2/repository/org/objenesis/objenesis/3.2/objenesis-3.2.jar:/Users/n0n006q/.m2/repository/org/mockito/mockito-junit-jupiter/3.9.0/mockito-junit-jupiter-3.9.0.jar:/Users/n0n006q/.m2/repository/org/skyscreamer/jsonassert/1.5.0/jsonassert-1.5.0.jar:/Users/n0n006q/.m2/repository/com/vaadin/external/google/android-json/0.0.20131108.vaadin1/android-json-0.0.20131108.vaadin1.jar:/Users/n0n006q/.m2/repository/org/springframework/spring-core/5.3.15/spring-core-5.3.15.jar:/Users/n0n006q/.m2/repository/org/springframework/spring-jcl/5.3.15/spring-jcl-5.3.15.jar:/Users/n0n006q/.m2/repository/org/springframework/spring-test/5.3.15/spring-test-5.3.15.jar:/Users/n0n006q/.m2/repository/org/xmlunit/xmlunit-core/2.8.4/xmlunit-core-2.8.4.jar:/Users/n0n006q/.m2/repository/org/springframework/security/spring-security-test/5.5.4/spring-security-test-5.5.4.jar:/Users/n0n006q/.m2/repository/org/springframework/security/spring-security-core/5.5.4/spring-security-core-5.5.4.jar:/Users/n0n006q/.m2/repository/org/springframework/security/spring-security-crypto/5.5.4/spring-security-crypto-5.5.4.jar:/Users/n0n006q/.m2/repository/org/springframework/security/spring-security-web/5.5.4/spring-security-web-5.5.4.jar:/Users/n0n006q/.m2/repository/junit/junit/4.13.2/junit-4.13.2.jar:/Users/n0n006q/.m2/repository/org/hamcrest/hamcrest-core/2.2/hamcrest-core-2.2.jar:"/>
    <property name="sun.cpu.endian" value="little"/>
    <property name="user.home" value="/Users/n0n006q"/>
    <property name="user.language" value="en"/>
    <property name="java.specification.vendor" value="Oracle Corporation"/>
    <property name="java.home" value="/Users/n0n006q/.sdkman/candidates/java/8.0.292.fx-zulu/zulu-8.jdk/Contents/Home/jre"/>
    <property name="basedir" value="/Users/n0n006q/Downloads/notepad"/>
    <property name="file.separator" value="/"/>
    <property name="line.separator" value="&#10;"/>
    <property name="jdk.vendor.version" value="Zulu 8.54.0.21-CA-macosx"/>
    <property name="java.vm.specification.vendor" value="Oracle Corporation"/>
    <property name="java.specification.name" value="Java Platform API Specification"/>
    <property name="java.awt.graphicsenv" value="sun.awt.CGraphicsEnvironment"/>
    <property name="surefire.real.class.path" value="/Users/n0n006q/Downloads/notepad/target/surefire/surefirebooter6353167958039325584.jar"/>
    <property name="sun.boot.class.path" value="/Users/n0n006q/.sdkman/candidates/java/8.0.292.fx-zulu/zulu-8.jdk/Contents/Home/jre/lib/resources.jar:/Users/n0n006q/.sdkman/candidates/java/8.0.292.fx-zulu/zulu-8.jdk/Contents/Home/jre/lib/rt.jar:/Users/n0n006q/.sdkman/candidates/java/8.0.292.fx-zulu/zulu-8.jdk/Contents/Home/jre/lib/sunrsasign.jar:/Users/n0n006q/.sdkman/candidates/java/8.0.292.fx-zulu/zulu-8.jdk/Contents/Home/jre/lib/jsse.jar:/Users/n0n006q/.sdkman/candidates/java/8.0.292.fx-zulu/zulu-8.jdk/Contents/Home/jre/lib/jce.jar:/Users/n0n006q/.sdkman/candidates/java/8.0.292.fx-zulu/zulu-8.jdk/Contents/Home/jre/lib/charsets.jar:/Users/n0n006q/.sdkman/candidates/java/8.0.292.fx-zulu/zulu-8.jdk/Contents/Home/jre/lib/jfr.jar:/Users/n0n006q/.sdkman/candidates/java/8.0.292.fx-zulu/zulu-8.jdk/Contents/Home/jre/classes"/>
    <property name="sun.management.compiler" value="HotSpot 64-Bit Tiered Compilers"/>
    <property name="java.runtime.version" value="1.8.0_292-b10"/>
    <property name="user.name" value="n0n006q"/>
    <property name="path.separator" value=":"/>
    <property name="os.version" value="10.16"/>
    <property name="java.endorsed.dirs" value="/Users/n0n006q/.sdkman/candidates/java/8.0.292.fx-zulu/zulu-8.jdk/Contents/Home/jre/lib/endorsed"/>
    <property name="java.runtime.name" value="OpenJDK Runtime Environment"/>
    <property name="file.encoding" value="UTF-8"/>
    <property name="java.vm.name" value="OpenJDK 64-Bit Server VM"/>
    <property name="localRepository" value="/Users/n0n006q/.m2/repository"/>
    <property name="java.vendor.url.bug" value="http://www.azulsystems.com/support/"/>
    <property name="java.io.tmpdir" value="/var/folders/vz/h1shzv0x363d8z4j718cbcqh0000gp/T/"/>
    <property name="java.version" value="1.8.0_292"/>
    <property name="user.dir" value="/Users/n0n006q/Downloads/notepad"/>
    <property name="os.arch" value="x86_64"/>
    <property name="java.vm.specification.name" value="Java Virtual Machine Specification"/>
    <property name="java.awt.printerjob" value="sun.lwawt.macosx.CPrinterJob"/>
    <property name="sun.os.patch.level" value="unknown"/>
    <property name="java.library.path" value="/Users/n0n006q/Library/Java/Extensions:/Library/Java/Extensions:/Network/Library/Java/Extensions:/System/Library/Java/Extensions:/usr/lib/java:."/>
    <property name="java.vm.info" value="mixed mode"/>
    <property name="java.vendor" value="Azul Systems, Inc."/>
    <property name="java.vm.version" value="25.292-b10"/>
    <property name="java.ext.dirs" value="/Users/n0n006q/Library/Java/Extensions:/Users/n0n006q/.sdkman/candidates/java/8.0.292.fx-zulu/zulu-8.jdk/Contents/Home/jre/lib/ext:/Library/Java/Extensions:/Network/Library/Java/Extensions:/System/Library/Java/Extensions:/usr/lib/java"/>
    <property name="sun.io.unicode.encoding" value="UnicodeBig"/>
    <property name="java.class.version" value="52.0"/>
  </properties>
  <testcase name="getUserByEmailTest" classname="com.app.notepad.dal.repository.NTKRUsersRepositoryTest" time="0.23">
    <failure message="expected: &lt;NTKRUsersEntity(userId=1002, emailId=navneetn@buffalo.edu, password=123hahaha, registrationTimeStamp=06-12-2022 13:00)&gt; but was: &lt;null&gt;" type="org.opentest4j.AssertionFailedError"><![CDATA[org.opentest4j.AssertionFailedError: expected: <NTKRUsersEntity(userId=1002, emailId=navneetn@buffalo.edu, password=123hahaha, registrationTimeStamp=06-12-2022 13:00)> but was: <null>
	at com.app.notepad.dal.repository.NTKRUsersRepositoryTest.getUserByEmailTest(NTKRUsersRepositoryTest.java:51)
]]></failure>
    <system-out><![CDATA[2022-06-17 00:53:14.124  INFO 99771 --- [           main] b.t.a.o.j.DataJpaTestContextBootstrapper : Neither @ContextConfiguration nor @ContextHierarchy found for test class [com.app.notepad.dal.repository.NTKRUsersRepositoryTest], using SpringBootContextLoader
2022-06-17 00:53:14.124  INFO 99771 --- [           main] o.s.t.c.support.AbstractContextLoader    : Could not detect default resource locations for test class [com.app.notepad.dal.repository.NTKRUsersRepositoryTest]: no resource found for suffixes {-context.xml, Context.groovy}.
2022-06-17 00:53:14.125  INFO 99771 --- [           main] t.c.s.AnnotationConfigContextLoaderUtils : Could not detect default configuration classes for test class [com.app.notepad.dal.repository.NTKRUsersRepositoryTest]: NTKRUsersRepositoryTest does not declare any static, non-private, non-final, nested classes annotated with @Configuration.
2022-06-17 00:53:14.150  INFO 99771 --- [           main] .b.t.c.SpringBootTestContextBootstrapper : Found @SpringBootConfiguration com.app.notepad.NotepadApplication for test class com.app.notepad.dal.repository.NTKRUsersRepositoryTest
2022-06-17 00:53:14.151  INFO 99771 --- [           main] b.t.a.o.j.DataJpaTestContextBootstrapper : Loaded default TestExecutionListener class names from location [META-INF/spring.factories]: [org.springframework.boot.test.mock.mockito.MockitoTestExecutionListener, org.springframework.boot.test.mock.mockito.ResetMocksTestExecutionListener, org.springframework.boot.test.autoconfigure.restdocs.RestDocsTestExecutionListener, org.springframework.boot.test.autoconfigure.web.client.MockRestServiceServerResetTestExecutionListener, org.springframework.boot.test.autoconfigure.web.servlet.MockMvcPrintOnlyOnFailureTestExecutionListener, org.springframework.boot.test.autoconfigure.web.servlet.WebDriverTestExecutionListener, org.springframework.boot.test.autoconfigure.webservices.client.MockWebServiceServerTestExecutionListener, org.springframework.test.context.web.ServletTestExecutionListener, org.springframework.test.context.support.DirtiesContextBeforeModesTestExecutionListener, org.springframework.test.context.event.ApplicationEventsTestExecutionListener, org.springframework.test.context.support.DependencyInjectionTestExecutionListener, org.springframework.test.context.support.DirtiesContextTestExecutionListener, org.springframework.test.context.transaction.TransactionalTestExecutionListener, org.springframework.test.context.jdbc.SqlScriptsTestExecutionListener, org.springframework.test.context.event.EventPublishingTestExecutionListener, org.springframework.security.test.context.support.WithSecurityContextTestExecutionListener, org.springframework.security.test.context.support.ReactorContextTestExecutionListener]
2022-06-17 00:53:14.152  INFO 99771 --- [           main] b.t.a.o.j.DataJpaTestContextBootstrapper : Using TestExecutionListeners: [org.springframework.test.context.web.ServletTestExecutionListener@32f308c6, org.springframework.test.context.support.DirtiesContextBeforeModesTestExecutionListener@5f2b9da8, org.springframework.test.context.event.ApplicationEventsTestExecutionListener@698ac187, org.springframework.boot.test.mock.mockito.MockitoTestExecutionListener@4fea5ee0, org.springframework.boot.test.autoconfigure.SpringBootDependencyInjectionTestExecutionListener@65f5cae3, org.springframework.test.context.support.DirtiesContextTestExecutionListener@6630dd28, org.springframework.test.context.transaction.TransactionalTestExecutionListener@5909ae90, org.springframework.test.context.jdbc.SqlScriptsTestExecutionListener@4489f60f, org.springframework.test.context.event.EventPublishingTestExecutionListener@fe08eaf, org.springframework.security.test.context.support.WithSecurityContextTestExecutionListener@6fd9dbe6, org.springframework.security.test.context.support.ReactorContextTestExecutionListener@7b3085a3, org.springframework.boot.test.mock.mockito.ResetMocksTestExecutionListener@70022d44, org.springframework.boot.test.autoconfigure.restdocs.RestDocsTestExecutionListener@7b1c501d, org.springframework.boot.test.autoconfigure.web.client.MockRestServiceServerResetTestExecutionListener@5abbb273, org.springframework.boot.test.autoconfigure.web.servlet.MockMvcPrintOnlyOnFailureTestExecutionListener@25d9291a, org.springframework.boot.test.autoconfigure.web.servlet.WebDriverTestExecutionListener@445058e8, org.springframework.boot.test.autoconfigure.webservices.client.MockWebServiceServerTestExecutionListener@5d5574c7]

  .   ____          _            __ _ _
 /\\ / ___'_ __ _ _(_)_ __  __ _ \ \ \ \
( ( )\___ | '_ | '_| | '_ \/ _` | \ \ \ \
 \\/  ___)| |_)| | | | | || (_| |  ) ) ) )
  '  |____| .__|_| |_|_| |_\__, | / / / /
 =========|_|==============|___/=/_/_/_/
 :: Spring Boot ::                (v2.5.9)

2022-06-17 00:53:14.185  INFO 99771 --- [           main] c.a.n.d.r.NTKRUsersRepositoryTest        : Starting NTKRUsersRepositoryTest using Java 1.8.0_292 on m-c02xd0k8jgh7 with PID 99771 (started by n0n006q in /Users/n0n006q/Downloads/notepad)
2022-06-17 00:53:14.185  INFO 99771 --- [           main] c.a.n.d.r.NTKRUsersRepositoryTest        : No active profile set, falling back to default profiles: default
2022-06-17 00:53:14.292  INFO 99771 --- [           main] .s.d.r.c.RepositoryConfigurationDelegate : Bootstrapping Spring Data JPA repositories in DEFAULT mode.
2022-06-17 00:53:14.320  INFO 99771 --- [           main] .s.d.r.c.RepositoryConfigurationDelegate : Finished Spring Data repository scanning in 27 ms. Found 1 JPA repository interfaces.
2022-06-17 00:53:14.430  INFO 99771 --- [           main] o.hibernate.jpa.internal.util.LogHelper  : HHH000204: Processing PersistenceUnitInfo [name: default]
2022-06-17 00:53:14.433  INFO 99771 --- [           main] com.zaxxer.hikari.HikariDataSource       : HikariPool-2 - Starting...
2022-06-17 00:53:14.434  WARN 99771 --- [           main] com.zaxxer.hikari.util.DriverDataSource  : Registered driver with driverClassName=com.mysql.jdbc.Driver was not found, trying direct instantiation.
2022-06-17 00:53:14.445  INFO 99771 --- [           main] com.zaxxer.hikari.HikariDataSource       : HikariPool-2 - Start completed.
2022-06-17 00:53:14.445  INFO 99771 --- [           main] org.hibernate.dialect.Dialect            : HHH000400: Using dialect: org.hibernate.dialect.MySQL57Dialect
2022-06-17 00:53:14.519  INFO 99771 --- [           main] o.h.e.t.j.p.i.JtaPlatformInitiator       : HHH000490: Using JtaPlatform implementation: [org.hibernate.engine.transaction.jta.platform.internal.NoJtaPlatform]
2022-06-17 00:53:14.519  INFO 99771 --- [           main] j.LocalContainerEntityManagerFactoryBean : Initialized JPA EntityManagerFactory for persistence unit 'default'
2022-06-17 00:53:14.668  INFO 99771 --- [           main] c.a.n.d.r.NTKRUsersRepositoryTest        : Started NTKRUsersRepositoryTest in 0.514 seconds (JVM running for 6.038)
2022-06-17 00:53:14.680  INFO 99771 --- [           main] o.s.t.c.transaction.TransactionContext   : Began transaction (1) for test context [DefaultTestContext@50fd739d testClass = NTKRUsersRepositoryTest, testInstance = com.app.notepad.dal.repository.NTKRUsersRepositoryTest@5e1d1524, testMethod = getUserByEmailTest@NTKRUsersRepositoryTest, testException = [null], mergedContextConfiguration = [MergedContextConfiguration@d0a2c82 testClass = NTKRUsersRepositoryTest, locations = '{}', classes = '{class com.app.notepad.NotepadApplication}', contextInitializerClasses = '[]', activeProfiles = '{}', propertySourceLocations = '{}', propertySourceProperties = '{org.springframework.boot.test.autoconfigure.orm.jpa.DataJpaTestContextBootstrapper=true}', contextCustomizers = set[[ImportsContextCustomizer@430aae8e key = [org.springframework.boot.autoconfigure.cache.CacheAutoConfiguration, org.springframework.boot.autoconfigure.data.jpa.JpaRepositoriesAutoConfiguration, org.springframework.boot.autoconfigure.flyway.FlywayAutoConfiguration, org.springframework.boot.autoconfigure.jdbc.DataSourceAutoConfiguration, org.springframework.boot.autoconfigure.jdbc.DataSourceTransactionManagerAutoConfiguration, org.springframework.boot.autoconfigure.jdbc.JdbcTemplateAutoConfiguration, org.springframework.boot.autoconfigure.liquibase.LiquibaseAutoConfiguration, org.springframework.boot.autoconfigure.orm.jpa.HibernateJpaAutoConfiguration, org.springframework.boot.autoconfigure.sql.init.SqlInitializationAutoConfiguration, org.springframework.boot.autoconfigure.transaction.TransactionAutoConfiguration, org.springframework.boot.test.autoconfigure.jdbc.TestDatabaseAutoConfiguration, org.springframework.boot.test.autoconfigure.orm.jpa.TestEntityManagerAutoConfiguration]], org.springframework.boot.test.context.filter.ExcludeFilterContextCustomizer@15ff3e9e, org.springframework.boot.test.json.DuplicateJsonObjectContextCustomizerFactory$DuplicateJsonObjectContextCustomizer@5e0826e7, org.springframework.boot.test.mock.mockito.MockitoContextCustomizer@0, org.springframework.boot.test.autoconfigure.OverrideAutoConfigurationContextCustomizerFactory$DisableAutoConfigurationContextCustomizer@4aeaff64, org.springframework.boot.test.autoconfigure.actuate.metrics.MetricsExportContextCustomizerFactory$DisableMetricExportContextCustomizer@67d48005, org.springframework.boot.test.autoconfigure.filter.TypeExcludeFiltersContextCustomizer@351584c0, org.springframework.boot.test.autoconfigure.properties.PropertyMappingContextCustomizer@290ea177, org.springframework.boot.test.autoconfigure.web.servlet.WebDriverContextCustomizerFactory$Customizer@2d7275fc, org.springframework.boot.test.context.SpringBootTestArgs@1, org.springframework.boot.test.context.SpringBootTestWebEnvironment@0], contextLoader = 'org.springframework.boot.test.context.SpringBootContextLoader', parent = [null]], attributes = map['org.springframework.test.context.event.ApplicationEventsTestExecutionListener.recordApplicationEvents' -> false]]; transaction manager [org.springframework.orm.jpa.JpaTransactionManager@47c81e89]; rollback [true]
Hibernate: select ntkruserse0_.USER_ID as user_id1_2_0_, ntkruserse0_.EMAIL_ID as email_id2_2_0_, ntkruserse0_.PASSWORD as password3_2_0_, ntkruserse0_.REGISTRATION_TIMESTAMP as registra4_2_0_ from NTKR_USERS ntkruserse0_ where ntkruserse0_.USER_ID=?
Hibernate: select next_val as id_val from CUST_SEQ for update
Hibernate: update CUST_SEQ set next_val= ? where next_val=?
Hibernate: insert into NTKR_USERS (EMAIL_ID, PASSWORD, REGISTRATION_TIMESTAMP, USER_ID) values (?, ?, ?, ?)
Hibernate: select ntkruserse0_.USER_ID as user_id1_2_, ntkruserse0_.EMAIL_ID as email_id2_2_, ntkruserse0_.PASSWORD as password3_2_, ntkruserse0_.REGISTRATION_TIMESTAMP as registra4_2_ from NTKR_USERS ntkruserse0_ where ntkruserse0_.USER_ID=?
2022-06-17 00:53:14.887  INFO 99771 --- [           main] o.s.t.c.transaction.TransactionContext   : Rolled back transaction for test: [DefaultTestContext@50fd739d testClass = NTKRUsersRepositoryTest, testInstance = com.app.notepad.dal.repository.NTKRUsersRepositoryTest@5e1d1524, testMethod = getUserByEmailTest@NTKRUsersRepositoryTest, testException = org.opentest4j.AssertionFailedError: expected: <NTKRUsersEntity(userId=1002, emailId=navneetn@buffalo.edu, password=123hahaha, registrationTimeStamp=06-12-2022 13:00)> but was: <null>, mergedContextConfiguration = [MergedContextConfiguration@d0a2c82 testClass = NTKRUsersRepositoryTest, locations = '{}', classes = '{class com.app.notepad.NotepadApplication}', contextInitializerClasses = '[]', activeProfiles = '{}', propertySourceLocations = '{}', propertySourceProperties = '{org.springframework.boot.test.autoconfigure.orm.jpa.DataJpaTestContextBootstrapper=true}', contextCustomizers = set[[ImportsContextCustomizer@430aae8e key = [org.springframework.boot.autoconfigure.cache.CacheAutoConfiguration, org.springframework.boot.autoconfigure.data.jpa.JpaRepositoriesAutoConfiguration, org.springframework.boot.autoconfigure.flyway.FlywayAutoConfiguration, org.springframework.boot.autoconfigure.jdbc.DataSourceAutoConfiguration, org.springframework.boot.autoconfigure.jdbc.DataSourceTransactionManagerAutoConfiguration, org.springframework.boot.autoconfigure.jdbc.JdbcTemplateAutoConfiguration, org.springframework.boot.autoconfigure.liquibase.LiquibaseAutoConfiguration, org.springframework.boot.autoconfigure.orm.jpa.HibernateJpaAutoConfiguration, org.springframework.boot.autoconfigure.sql.init.SqlInitializationAutoConfiguration, org.springframework.boot.autoconfigure.transaction.TransactionAutoConfiguration, org.springframework.boot.test.autoconfigure.jdbc.TestDatabaseAutoConfiguration, org.springframework.boot.test.autoconfigure.orm.jpa.TestEntityManagerAutoConfiguration]], org.springframework.boot.test.context.filter.ExcludeFilterContextCustomizer@15ff3e9e, org.springframework.boot.test.json.DuplicateJsonObjectContextCustomizerFactory$DuplicateJsonObjectContextCustomizer@5e0826e7, org.springframework.boot.test.mock.mockito.MockitoContextCustomizer@0, org.springframework.boot.test.autoconfigure.OverrideAutoConfigurationContextCustomizerFactory$DisableAutoConfigurationContextCustomizer@4aeaff64, org.springframework.boot.test.autoconfigure.actuate.metrics.MetricsExportContextCustomizerFactory$DisableMetricExportContextCustomizer@67d48005, org.springframework.boot.test.autoconfigure.filter.TypeExcludeFiltersContextCustomizer@351584c0, org.springframework.boot.test.autoconfigure.properties.PropertyMappingContextCustomizer@290ea177, org.springframework.boot.test.autoconfigure.web.servlet.WebDriverContextCustomizerFactory$Customizer@2d7275fc, org.springframework.boot.test.context.SpringBootTestArgs@1, org.springframework.boot.test.context.SpringBootTestWebEnvironment@0], contextLoader = 'org.springframework.boot.test.context.SpringBootContextLoader', parent = [null]], attributes = map['org.springframework.test.context.event.ApplicationEventsTestExecutionListener.recordApplicationEvents' -> false]]
]]></system-out>
  </testcase>
  <testcase name="saveUserTest" classname="com.app.notepad.dal.repository.NTKRUsersRepositoryTest" time="0.022"/>
</testsuite>